Build started 29/05/2016 18:05:31.
     1>Project "C:\Users\boaz\Google Drive\Documents\Visual Studio 2010\Projects\JMSOAddin.github\DbgConfig\DbgConfig.vcxproj" on node 2 (build target(s)).
     1>InitializeBuildStatus:
         Touching "C:\Users\boaz\Google Drive\Documents\Visual Studio 2010\Projects\JMSOAddin.github\obj\Release\DbgConfig.unsuccessfulbuild".
       ClCompile:
         All outputs are up-to-date.
         c:\Program Files (x86)\Microsoft Visual Studio 10.0\VC\bin\CL.exe /c /I..\JMSOAddin /I..\inc /Zi /nologo /W3 /WX- /O2 /Oy- /GL /D WIN32 /D _WINDOWS /D DEBUG /D _UNICODE /D UNICODE /D _AFXDLL /Gm- /EHsc /MD /GS /fp:precise /Zc:wchar_t /Zc:forScope /Yu"StdAfx.h" /Fp"C:\Users\boaz\Google Drive\Documents\Visual Studio 2010\Projects\JMSOAddin.github\obj\Release\DbgConfig.pch" /Fo"C:\Users\boaz\Google Drive\Documents\Visual Studio 2010\Projects\JMSOAddin.github\obj\Release\\" /Fd"C:\Users\boaz\Google Drive\Documents\Visual Studio 2010\Projects\JMSOAddin.github\obj\Release\vc100.pdb" /Gd /TP /analyze- /errorReport:prompt DbgConfig.cpp DbgConfigDlg.cpp
         DbgConfig.cpp
         DbgConfigDlg.cpp
       ResourceCompile:
         All outputs are up-to-date.
         All outputs are up-to-date.
       Link:
         c:\Program Files (x86)\Microsoft Visual Studio 10.0\VC\bin\link.exe /ERRORREPORT:PROMPT /OUT:"C:\Users\boaz\Google Drive\Documents\Visual Studio 2010\Projects\JMSOAddin.github\bin\Release\DbgConfig.exe" /INCREMENTAL:NO /NOLOGO /MANIFEST /ManifestFile:"C:\Users\boaz\Google Drive\Documents\Visual Studio 2010\Projects\JMSOAddin.github\obj\Release\DbgConfig.exe.intermediate.manifest" /MANIFESTUAC:"level='asInvoker' uiAccess='false'" /DEBUG /PDB:"C:\Users\boaz\Google Drive\Documents\Visual Studio 2010\Projects\JMSOAddin.github\bin\Release\DbgConfig.pdb" /SUBSYSTEM:WINDOWS /OPT:REF /OPT:ICF /LTCG /TLBID:1 /ENTRY:"wWinMainCRTStartup" /DYNAMICBASE /NXCOMPAT /IMPLIB:"C:\Users\boaz\Google Drive\Documents\Visual Studio 2010\Projects\JMSOAddin.github\bin\Release\DbgConfig.lib" /MACHINE:X86 "C:\Users\boaz\Google Drive\Documents\Visual Studio 2010\Projects\JMSOAddin.github\obj\Release\DbgConfig.res"
         "C:\Users\boaz\Google Drive\Documents\Visual Studio 2010\Projects\JMSOAddin.github\obj\Release\Version.res"
         "C:\Users\boaz\Google Drive\Documents\Visual Studio 2010\Projects\JMSOAddin.github\obj\Release\DbgConfig.obj"
         "C:\Users\boaz\Google Drive\Documents\Visual Studio 2010\Projects\JMSOAddin.github\obj\Release\DbgConfigDlg.obj"
         "C:\Users\boaz\Google Drive\Documents\Visual Studio 2010\Projects\JMSOAddin.github\obj\Release\stdafx.obj"
         Generating code
         Finished generating code
         DbgConfig.vcxproj -> C:\Users\boaz\Google Drive\Documents\Visual Studio 2010\Projects\JMSOAddin.github\bin\Release\DbgConfig.exe
       Manifest:
         C:\Program Files (x86)\Microsoft SDKs\Windows\v7.0A\bin\mt.exe /nologo /verbose /outputresource:"C:\Users\boaz\Google Drive\Documents\Visual Studio 2010\Projects\JMSOAddin.github\bin\Release\DbgConfig.exe;#1" /manifest "C:\Users\boaz\Google Drive\Documents\Visual Studio 2010\Projects\JMSOAddin.github\obj\Release\DbgConfig.exe.intermediate.manifest" "c:\Program Files (x86)\Microsoft Visual Studio 10.0\VC\Include\Manifest\dpiaware.manifest"
       FinalizeBuildStatus:
         Deleting file "C:\Users\boaz\Google Drive\Documents\Visual Studio 2010\Projects\JMSOAddin.github\obj\Release\DbgConfig.unsuccessfulbuild".
         Touching "C:\Users\boaz\Google Drive\Documents\Visual Studio 2010\Projects\JMSOAddin.github\obj\Release\DbgConfig.lastbuildstate".
     1>Done Building Project "C:\Users\boaz\Google Drive\Documents\Visual Studio 2010\Projects\JMSOAddin.github\DbgConfig\DbgConfig.vcxproj" (build target(s)).

Build succeeded.

Time Elapsed 00:00:01.96
